2017-03-31 17:03:55 - Array
(
)

2017-03-31 17:04:51 - Array
(
    [image] => Array
        (
            [name] => WechatIMG1.jpeg
            [type] => image/jpeg
            [tmp_name] => /private/var/tmp/phpfmFhX5
            [error] => 0
            [size] => 31657
        )

)

2017-03-31 17:06:43 - Array
(
    [image] => Array
        (
            [name] => WechatIMG1.jpeg
            [type] => image/jpeg
            [tmp_name] => /private/var/tmp/phpTpwKoV
            [error] => 0
            [size] => 31657
        )

)

2017-03-31 17:07:44 - Array
(
    [image] => Array
        (
            [name] => WechatIMG1.jpeg
            [type] => image/jpeg
            [tmp_name] => /private/var/tmp/phpaTDBy9
            [error] => 0
            [size] => 31657
        )

)

2017-03-31 17:39:23 - Array
(
    [image] => Array
        (
            [name] => WechatIMG1.jpeg
            [type] => image/jpeg
            [tmp_name] => /private/var/tmp/phpAyGZcQ
            [error] => 0
            [size] => 31657
        )

)

2017-03-31 17:40:01 - Array
(
    [image] => Array
        (
            [name] => WechatIMG1.jpeg
            [type] => image/jpeg
            [tmp_name] => /private/var/tmp/phpIwSzd2
            [error] => 0
            [size] => 31657
        )

)

2017-03-31 17:54:24 - Array
(
    [image] => Array
        (
            [name] => WechatIMG1.jpeg
            [type] => image/jpeg
            [tmp_name] => /private/var/tmp/phpMCHMLB
            [error] => 0
            [size] => 31657
        )

)

2017-03-31 17:56:18 - Array
(
    [image] => Array
        (
            [name] => WechatIMG1.jpeg
            [type] => image/jpeg
            [tmp_name] => /private/var/tmp/phpE1xVjG
            [error] => 0
            [size] => 31657
        )

)

2017-03-31 17:56:48 - Array
(
    [image] => Array
        (
            [name] => WechatIMG1.jpeg
            [type] => image/jpeg
            [tmp_name] => /private/var/tmp/phpFnoAfl
            [error] => 0
            [size] => 31657
        )

)

2017-03-31 18:01:16 - Array
(
    [image] => Array
        (
            [name] => WechatIMG1.jpeg
            [type] => image/jpeg
            [tmp_name] => /private/var/tmp/phpvV4eMh
            [error] => 0
            [size] => 31657
        )

)

2017-03-31 18:14:22 - Array
(
    [image] => Array
        (
            [name] => IMG_F175B7E37A6D-1.jpeg
            [type] => image/jpeg
            [tmp_name] => /private/var/tmp/phpBeX0vk
            [error] => 0
            [size] => 427178
        )

)

2017-03-31 18:14:46 - Array
(
    [image] => Array
        (
            [name] => IMG_F175B7E37A6D-1.jpeg
            [type] => image/jpeg
            [tmp_name] => /private/var/tmp/phpZLDJoI
            [error] => 0
            [size] => 427178
        )

)

2017-03-31 18:26:38 - Array
(
    [image] => Array
        (
            [name] => timg.jpg
            [type] => image/jpeg
            [tmp_name] => /private/var/tmp/phphMUfR6
            [error] => 0
            [size] => 21381
        )

)

2017-03-31 18:32:36 - Array
(
    [image] => Array
        (
            [name] => timg.jpg
            [type] => image/jpeg
            [tmp_name] => /private/var/tmp/phpjQT19z
            [error] => 0
            [size] => 21381
        )

)

2017-03-31 18:33:09 - Array
(
    [image] => Array
        (
            [name] => timg.jpg
            [type] => image/jpeg
            [tmp_name] => /private/var/tmp/phpwirIlK
            [error] => 0
            [size] => 21381
        )

)

2017-03-31 18:33:38 - Array
(
    [image] => Array
        (
            [name] => timg.jpg
            [type] => image/jpeg
            [tmp_name] => /private/var/tmp/php014BQv
            [error] => 0
            [size] => 21381
        )

)

2017-03-31 18:34:59 - Array
(
    [image] => Array
        (
            [name] => timg.jpg
            [type] => image/jpeg
            [tmp_name] => /private/var/tmp/phpXkWKIr
            [error] => 0
            [size] => 21381
        )

)

2017-03-31 18:35:23 - Array
(
    [image] => Array
        (
            [name] => timg.jpg
            [type] => image/jpeg
            [tmp_name] => /private/var/tmp/phpYnUpur
            [error] => 0
            [size] => 21381
        )

)

2017-03-31 18:35:58 - Array
(
    [image] => Array
        (
            [name] => timg.jpg
            [type] => image/jpeg
            [tmp_name] => /private/var/tmp/phpZ029ST
            [error] => 0
            [size] => 21381
        )

)

